<?xml version="1.0" encoding="UTF-8"?>
<!-- Generated by org.testng.reporters.JUnitReportReporter -->
<testsuite hostname="DESKTOP-RN6LOE3" failures="0" tests="1" name="Milestone1.maven_project.AppTest" time="0.014" errors="0" timestamp="2022-08-04T19:57:17 IST" skipped="0">
  <testcase classname="Milestone1.maven_project.AppTest" name="shouldAnswerWithTrue" time="0.014"/>
</testsuite> <!-- Milestone1.maven_project.AppTest -->
